<?xml version="1.0" encoding="UTF-8"?>
<!-- Generated by org.testng.reporters.JUnitReportReporter -->
<testsuite skipped="0" hostname="197NODNB" name="Testcase.Class1" tests="1" failures="0" timestamp="8 Jan 2018 15:19:23 GMT" time="5.279" errors="0">
  <testcase name="testcase1" time="5.279" classname="Testcase.Class1"/>
</testsuite> <!-- Testcase.Class1 -->
