<?xml version="1.0" encoding="UTF-8"?>
<!-- Generated by org.testng.reporters.JUnitReportReporter -->
<testsuite skipped="0" hostname="197NODNB" name="Testcase.Class2" tests="1" failures="0" timestamp="8 Jan 2018 15:19:23 GMT" time="7.055" errors="0">
  <testcase name="testcase2" time="7.055" classname="Testcase.Class2"/>
</testsuite> <!-- Testcase.Class2 -->
